2025-05-14 16:42:53,275 INFO utils.csv_handler: Copied and prepared CSV at /home/deepak_gill/apk_security_score/app_copy.csv
2025-05-14 16:42:53,275 INFO utils.apk_tools: Cleared download directory /home/deepak_gill/Downloaded_apk
2025-05-14 16:42:53,275 INFO utils.apk_tools: Running gpkeep for com.ubercab
2025-05-14 16:42:54,965 ERROR utils.apk_tools: gpkeep failed: 
2025-05-14 16:44:48,779 INFO utils.csv_handler: Copied and prepared CSV at /home/deepak_gill/apk_security_score/app_copy.csv
2025-05-14 16:44:48,779 INFO utils.apk_tools: Cleared download directory: /home/deepak_gill/Downloaded_apk
2025-05-14 16:44:48,779 INFO utils.apk_tools: Invoking gpkeep: /opt/app_security_score/gpkeep --package=com.ubercab --email=subselatestwale@gmail.com --aas-token=aas_et/AKppINZVNAp2aaChsOBqGg... --device=px_7a
2025-05-14 16:44:50,074 ERROR utils.apk_tools: gpkeep failed (exit 1). stdout: '{
  "package_name": "com.ubercab",
  "status": {
    "type": "badCredentials",
    "log": {
      "message": "Bad credentials or authentication failed: Invalid payload."
    }
  }
}', stderr: ''
2025-05-14 16:44:50,074 ERROR __main__: Error during gpkeep step
Traceback (most recent call last):
  File "/home/deepak_gill/apk_security_score/main.py", line 33, in main
    info = run_gkeep(package, email, token, device)
  File "/home/deepak_gill/apk_security_score/utils/apk_tools.py", line 45, in run_gkeep
    raise RuntimeError(f"gpkeep error: {err or out}")
RuntimeError: gpkeep error: {
  "package_name": "com.ubercab",
  "status": {
    "type": "badCredentials",
    "log": {
      "message": "Bad credentials or authentication failed: Invalid payload."
    }
  }
}
2025-05-14 16:46:43,202 INFO utils.csv_handler: Copied and prepared CSV at /home/deepak_gill/apk_security_score/app_copy.csv
2025-05-14 16:46:43,202 INFO utils.apk_tools: Cleared download directory: /home/deepak_gill/Downloaded_apk
2025-05-14 16:46:43,202 INFO utils.apk_tools: Invoking gpkeep: /opt/app_security_score/gpkeep --package=com.ubercab --email=subselatestwale@gmail.com --aas-token=aas_et/AKppINZVNAp2aaChsOBqGgjRbTrhbDE9yrEOWM7LafGe-bd7m_qQRtY1zkaPNRZzhEvmpnrOLPm4oFvYHkstRy161GDtNYtNBYwNkUA9sOUqszg5aS5vhXpDTZImWhFpbwvm0HMd6v5mVV2RbI-9e_enY06RJiqOrkpXijHsZSfG64sKxheQX8hQgsmQarfVdpQ2zXI-Zl_f-NM0Xs4Jq4U --device=px_7a
2025-05-14 16:46:44,905 INFO utils.apk_tools: gpkeep succeeded for com.ubercab: version 4.577.10003 updated 2025-05-01
2025-05-14 16:46:44,908 INFO utils.apk_tools: Invoking apkeep: /opt/app_security_score/apkeep -a com.ubercab -d google-play -e subselatestwale@gmail.com -t aas_et/AKppINZVNAp2aaChsOBqGgjRbTrhbDE9yrEOWM7LafGe-bd7m_qQRtY1zkaPNRZzhEvmpnrOLPm4oFvYHkstRy161GDtNYtNBYwNkUA9sOUqszg5aS5vhXpDTZImWhFpbwvm0HMd6v5mVV2RbI-9e_enY06RJiqOrkpXijHsZSfG64sKxheQX8hQgsmQarfVdpQ2zXI-Zl_f-NM0Xs4Jq4U /home/deepak_gill/Downloaded_apk
2025-05-14 16:46:51,783 INFO utils.apk_tools: APK downloaded for com.ubercab into /home/deepak_gill/Downloaded_apk
2025-05-14 16:47:09,042 INFO utils.csv_handler: Copied and prepared CSV at /home/deepak_gill/apk_security_score/app_copy.csv
2025-05-14 16:47:09,067 INFO utils.apk_tools: Cleared download directory: /home/deepak_gill/Downloaded_apk
2025-05-14 16:47:09,068 INFO utils.apk_tools: Invoking gpkeep: /opt/app_security_score/gpkeep --package=com.ubercab --email=subselatestwale@gmail.com --aas-token=aas_et/AKppINZVNAp2aaChsOBqGgjRbTrhbDE9yrEOWM7LafGe-bd7m_qQRtY1zkaPNRZzhEvmpnrOLPm4oFvYHkstRy161GDtNYtNBYwNkUA9sOUqszg5aS5vhXpDTZImWhFpbwvm0HMd6v5mVV2RbI-9e_enY06RJiqOrkpXijHsZSfG64sKxheQX8hQgsmQarfVdpQ2zXI-Zl_f-NM0Xs4Jq4U --device=px_7a
2025-05-14 16:47:10,600 INFO utils.apk_tools: gpkeep succeeded for com.ubercab: version 4.577.10003 updated 2025-05-01
2025-05-14 16:47:10,908 INFO utils.apk_tools: Invoking apkeep: /opt/app_security_score/apkeep -a com.ubercab -d google-play -e subselatestwale@gmail.com -t aas_et/AKppINZVNAp2aaChsOBqGgjRbTrhbDE9yrEOWM7LafGe-bd7m_qQRtY1zkaPNRZzhEvmpnrOLPm4oFvYHkstRy161GDtNYtNBYwNkUA9sOUqszg5aS5vhXpDTZImWhFpbwvm0HMd6v5mVV2RbI-9e_enY06RJiqOrkpXijHsZSfG64sKxheQX8hQgsmQarfVdpQ2zXI-Zl_f-NM0Xs4Jq4U /home/deepak_gill/Downloaded_apk
2025-05-14 16:47:16,135 INFO utils.apk_tools: APK downloaded for com.ubercab into /home/deepak_gill/Downloaded_apk
2025-05-14 16:47:38,872 INFO utils.csv_handler: Copied and prepared CSV at /home/deepak_gill/apk_security_score/app_copy.csv
2025-05-14 16:47:38,898 INFO utils.apk_tools: Cleared download directory: /home/deepak_gill/Downloaded_apk
2025-05-14 16:47:38,898 INFO utils.apk_tools: Invoking gpkeep: /opt/app_security_score/gpkeep --package=com.ubercab --email=subselatestwale@gmail.com --aas-token=aas_et/AKppINZVNAp2aaChsOBqGgjRbTrhbDE9yrEOWM7LafGe-bd7m_qQRtY1zkaPNRZzhEvmpnrOLPm4oFvYHkstRy161GDtNYtNBYwNkUA9sOUqszg5aS5vhXpDTZImWhFpbwvm0HMd6v5mVV2RbI-9e_enY06RJiqOrkpXijHsZSfG64sKxheQX8hQgsmQarfVdpQ2zXI-Zl_f-NM0Xs4Jq4U --device=px_7a
2025-05-14 16:47:40,810 INFO utils.apk_tools: gpkeep succeeded for com.ubercab: version 4.577.10003 updated 2025-05-01
2025-05-14 16:48:05,609 INFO utils.csv_handler: Copied and prepared CSV at /home/deepak_gill/apk_security_score/app_copy.csv
2025-05-14 16:48:05,610 INFO utils.apk_tools: Cleared download directory: /home/deepak_gill/Downloaded_apk
2025-05-14 16:48:05,610 INFO utils.apk_tools: Invoking gpkeep: /opt/app_security_score/gpkeep --package=com.ubercab --email=subselatestwale@gmail.com --aas-token=aas_et/AKppINZVNAp2aaChsOBqGgjRbTrhbDE9yrEOWM7LafGe-bd7m_qQRtY1zkaPNRZzhEvmpnrOLPm4oFvYHkstRy161GDtNYtNBYwNkUA9sOUqszg5aS5vhXpDTZImWhFpbwvm0HMd6v5mVV2RbI-9e_enY06RJiqOrkpXijHsZSfG64sKxheQX8hQgsmQarfVdpQ2zXI-Zl_f-NM0Xs4Jq4U --device=px_7a
2025-05-14 16:48:07,305 INFO utils.apk_tools: gpkeep succeeded for com.ubercab: version 4.577.10003 updated 2025-05-01
2025-05-14 16:50:36,280 INFO utils.csv_handler: Copied and prepared CSV at /home/deepak_gill/apk_security_score/app_copy.csv
2025-05-14 16:50:36,280 INFO utils.apk_tools: Cleared download directory: /home/deepak_gill/Downloaded_apk
2025-05-14 16:50:36,281 INFO utils.apk_tools: Invoking gpkeep: /opt/app_security_score/gpkeep --package=com.ubercab --email=subselatestwale@gmail.com --aas-token=aas_et/AKppINZVNAp2aaChsOBqGg... --device=px_7a
2025-05-14 16:50:37,678 ERROR utils.apk_tools: gpkeep failed (exit 1). stdout: '{
  "package_name": "com.ubercab",
  "status": {
    "type": "badCredentials",
    "log": {
      "message": "Bad credentials or authentication failed: Invalid payload."
    }
  }
}', stderr: ''
2025-05-14 16:50:37,678 ERROR __main__: Error during gpkeep for com.ubercab
Traceback (most recent call last):
  File "/home/deepak_gill/apk_security_score/main.py", line 33, in main
    info = run_gkeep(package, email, token, device)
  File "/home/deepak_gill/apk_security_score/utils/apk_tools.py", line 45, in run_gkeep
    raise RuntimeError(f"gpkeep error: {err or out}")
RuntimeError: gpkeep error: {
  "package_name": "com.ubercab",
  "status": {
    "type": "badCredentials",
    "log": {
      "message": "Bad credentials or authentication failed: Invalid payload."
    }
  }
}
2025-05-14 16:50:37,679 INFO utils.apk_tools: Invoking gpkeep: /opt/app_security_score/gpkeep --package=com.whatsapp --email=subselatestwale@gmail.com --aas-token=aas_et/AKppINZVNAp2aaChsOBqGg... --device=px_7a
2025-05-14 16:50:39,016 ERROR utils.apk_tools: gpkeep failed (exit 1). stdout: '{
  "package_name": "com.whatsapp",
  "status": {
    "type": "badCredentials",
    "log": {
      "message": "Bad credentials or authentication failed: Invalid payload."
    }
  }
}', stderr: ''
2025-05-14 16:50:39,016 ERROR __main__: Error during gpkeep for com.whatsapp
Traceback (most recent call last):
  File "/home/deepak_gill/apk_security_score/main.py", line 33, in main
    info = run_gkeep(package, email, token, device)
  File "/home/deepak_gill/apk_security_score/utils/apk_tools.py", line 45, in run_gkeep
    raise RuntimeError(f"gpkeep error: {err or out}")
RuntimeError: gpkeep error: {
  "package_name": "com.whatsapp",
  "status": {
    "type": "badCredentials",
    "log": {
      "message": "Bad credentials or authentication failed: Invalid payload."
    }
  }
}
2025-05-14 16:50:39,017 INFO __main__: Processing complete
2025-05-14 16:51:09,028 INFO utils.csv_handler: Copied and prepared CSV at /home/deepak_gill/apk_security_score/app_copy.csv
2025-05-14 16:51:09,029 INFO utils.apk_tools: Cleared download directory: /home/deepak_gill/Downloaded_apk
2025-05-14 16:51:09,029 INFO utils.apk_tools: Invoking gpkeep: /opt/app_security_score/gpkeep --package=com.ubercab --email=subselatestwale@gmail.com --aas-token=aas_et/AKppINZVNAp2aaChsOBqGgjRbTrhbDE9yrEOWM7LafGe-bd7m_qQRtY1zkaPNRZzhEvmpnrOLPm4oFvYHkstRy161GDtNYtNBYwNkUA9sOUqszg5aS5vhXpDTZImWhFpbwvm0HMd6v5mVV2RbI-9e_enY06RJiqOrkpXijHsZSfG64sKxheQX8hQgsmQarfVdpQ2zXI-Zl_f-NM0Xs4Jq4U --device=px_7a
2025-05-14 16:51:10,789 INFO utils.apk_tools: gpkeep succeeded for com.ubercab: version 4.577.10003 updated 2025-05-01
2025-05-14 16:51:10,789 INFO utils.apk_tools: Invoking gpkeep: /opt/app_security_score/gpkeep --package=com.whatsapp --email=subselatestwale@gmail.com --aas-token=aas_et/AKppINZVNAp2aaChsOBqGgjRbTrhbDE9yrEOWM7LafGe-bd7m_qQRtY1zkaPNRZzhEvmpnrOLPm4oFvYHkstRy161GDtNYtNBYwNkUA9sOUqszg5aS5vhXpDTZImWhFpbwvm0HMd6v5mVV2RbI-9e_enY06RJiqOrkpXijHsZSfG64sKxheQX8hQgsmQarfVdpQ2zXI-Zl_f-NM0Xs4Jq4U --device=px_7a
2025-05-14 16:51:12,469 INFO utils.apk_tools: gpkeep succeeded for com.whatsapp: version 2.25.14.76 updated 2025-05-05
2025-05-14 16:51:12,471 INFO utils.apk_tools: Invoking apkeep: /opt/app_security_score/apkeep -a com.whatsapp -d google-play -e subselatestwale@gmail.com -t aas_et/AKppINZVNAp2aaChsOBqGgjRbTrhbDE9yrEOWM7LafGe-bd7m_qQRtY1zkaPNRZzhEvmpnrOLPm4oFvYHkstRy161GDtNYtNBYwNkUA9sOUqszg5aS5vhXpDTZImWhFpbwvm0HMd6v5mVV2RbI-9e_enY06RJiqOrkpXijHsZSfG64sKxheQX8hQgsmQarfVdpQ2zXI-Zl_f-NM0Xs4Jq4U /home/deepak_gill/Downloaded_apk
2025-05-14 16:51:19,108 INFO utils.apk_tools: APK downloaded for com.whatsapp into /home/deepak_gill/Downloaded_apk
2025-05-14 16:51:19,108 INFO __main__: Processing complete
2025-05-14 16:53:33,293 INFO utils.csv_handler: Copied and prepared CSV at /home/deepak_gill/apk_security_score/app_copy.csv
2025-05-14 16:53:33,314 INFO utils.apk_tools: Cleared download directory: /home/deepak_gill/Downloaded_apk
2025-05-14 16:53:33,315 INFO utils.apk_tools: Invoking gpkeep: /opt/app_security_score/gpkeep --package=com.ubercab --email=subselatestwale@gmail.com --aas-token=aas_et/AKppINZVNAp2aaChsOBqGg... --device=px_7a
2025-05-14 16:53:34,780 ERROR utils.apk_tools: gpkeep failed (exit 1). stdout: '{
  "package_name": "com.ubercab",
  "status": {
    "type": "badCredentials",
    "log": {
      "message": "Bad credentials or authentication failed: Invalid payload."
    }
  }
}', stderr: ''
2025-05-14 16:53:34,780 INFO utils.apk_tools: Invoking gpkeep: /opt/app_security_score/gpkeep --package=com.whatsapp --email=subselatestwale@gmail.com --aas-token=aas_et/AKppINZVNAp2aaChsOBqGg... --device=px_7a
2025-05-14 16:53:36,853 ERROR utils.apk_tools: gpkeep failed (exit 1). stdout: '{
  "package_name": "com.whatsapp",
  "status": {
    "type": "badCredentials",
    "log": {
      "message": "Bad credentials or authentication failed: Invalid payload."
    }
  }
}', stderr: ''
2025-05-14 16:53:56,732 INFO utils.csv_handler: Copied and prepared CSV at /home/deepak_gill/apk_security_score/app_copy.csv
2025-05-14 16:53:56,732 INFO utils.apk_tools: Cleared download directory: /home/deepak_gill/Downloaded_apk
2025-05-14 16:53:56,732 INFO utils.apk_tools: Invoking gpkeep: /opt/app_security_score/gpkeep --package=com.ubercab --email=subselatestwale@gmail.com --aas-token=aas_et/AKppINZVNAp2aaChsOBqGgjRbTrhbDE9yrEOWM7LafGe-bd7m_qQRtY1zkaPNRZzhEvmpnrOLPm4oFvYHkstRy161GDtNYtNBYwNkUA9sOUqszg5aS5vhXpDTZImWhFpbwvm0HMd6v5mVV2RbI-9e_enY06RJiqOrkpXijHsZSfG64sKxheQX8hQgsmQarfVdpQ2zXI-Zl_f-NM0Xs4Jq4U --device=px_7a
2025-05-14 16:53:58,413 INFO utils.apk_tools: gpkeep succeeded for com.ubercab: version 4.577.10003 updated 2025-05-01
2025-05-14 16:53:58,414 INFO utils.apk_tools: Invoking gpkeep: /opt/app_security_score/gpkeep --package=com.whatsapp --email=subselatestwale@gmail.com --aas-token=aas_et/AKppINZVNAp2aaChsOBqGgjRbTrhbDE9yrEOWM7LafGe-bd7m_qQRtY1zkaPNRZzhEvmpnrOLPm4oFvYHkstRy161GDtNYtNBYwNkUA9sOUqszg5aS5vhXpDTZImWhFpbwvm0HMd6v5mVV2RbI-9e_enY06RJiqOrkpXijHsZSfG64sKxheQX8hQgsmQarfVdpQ2zXI-Zl_f-NM0Xs4Jq4U --device=px_7a
2025-05-14 16:54:00,105 INFO utils.apk_tools: gpkeep succeeded for com.whatsapp: version 2.25.14.76 updated 2025-05-05
2025-05-14 16:54:00,120 INFO utils.apk_tools: Invoking apkeep: /opt/app_security_score/apkeep -a com.whatsapp -d google-play -e subselatestwale@gmail.com -t aas_et/AKppINZVNAp2aaChsOBqGgjRbTrhbDE9yrEOWM7LafGe-bd7m_qQRtY1zkaPNRZzhEvmpnrOLPm4oFvYHkstRy161GDtNYtNBYwNkUA9sOUqszg5aS5vhXpDTZImWhFpbwvm0HMd6v5mVV2RbI-9e_enY06RJiqOrkpXijHsZSfG64sKxheQX8hQgsmQarfVdpQ2zXI-Zl_f-NM0Xs4Jq4U /home/deepak_gill/Downloaded_apk
2025-05-14 16:54:07,616 INFO utils.apk_tools: APK downloaded for com.whatsapp into /home/deepak_gill/Downloaded_apk
2025-05-14 16:54:07,616 INFO __main__: Processing complete
2025-05-14 17:16:02,336 INFO utils.csv_handler: Copied and prepared CSV at /home/deepak_gill/apk_security_score/app_copy.csv
2025-05-14 17:16:02,336 INFO utils.apk_tools: Invoking gpkeep: /opt/app_security_score/gpkeep --package=com.ubercab --email=subselatestwale@gmail.com --aas-token=aas_et/AKppINZVNAp2aaChsOBqGgjRbTrhbDE9yrEOWM7LafGe-bd7m_qQRtY1zkaPNRZzhEvmpnrOLPm4oFvYHkstRy161GDtNYtNBYwNkUA9sOUqszg5aS5vhXpDTZImWhFpbwvm0HMd6v5mVV2RbI-9e_enY06RJiqOrkpXijHsZSfG64sKxheQX8hQgsmQarfVdpQ2zXI-Zl_f-NM0Xs4Jq4U --device=px_7a
2025-05-14 17:16:04,512 INFO utils.apk_tools: gpkeep succeeded for com.ubercab: version 4.577.10003 updated 2025-05-01
2025-05-14 17:16:04,512 INFO utils.apk_tools: Invoking gpkeep: /opt/app_security_score/gpkeep --package=com.whatsapp --email=subselatestwale@gmail.com --aas-token=aas_et/AKppINZVNAp2aaChsOBqGgjRbTrhbDE9yrEOWM7LafGe-bd7m_qQRtY1zkaPNRZzhEvmpnrOLPm4oFvYHkstRy161GDtNYtNBYwNkUA9sOUqszg5aS5vhXpDTZImWhFpbwvm0HMd6v5mVV2RbI-9e_enY06RJiqOrkpXijHsZSfG64sKxheQX8hQgsmQarfVdpQ2zXI-Zl_f-NM0Xs4Jq4U --device=px_7a
2025-05-14 17:16:06,127 INFO utils.apk_tools: gpkeep succeeded for com.whatsapp: version 2.25.14.76 updated 2025-05-05
2025-05-14 17:16:06,130 INFO utils.apk_tools: Invoking apkeep: /opt/app_security_score/apkeep -a com.whatsapp -d google-play -e subselatestwale@gmail.com -t aas_et/AKppINZVNAp2aaChsOBqGgjRbTrhbDE9yrEOWM7LafGe-bd7m_qQRtY1zkaPNRZzhEvmpnrOLPm4oFvYHkstRy161GDtNYtNBYwNkUA9sOUqszg5aS5vhXpDTZImWhFpbwvm0HMd6v5mVV2RbI-9e_enY06RJiqOrkpXijHsZSfG64sKxheQX8hQgsmQarfVdpQ2zXI-Zl_f-NM0Xs4Jq4U /home/deepak_gill/apk_security_score/Downloaded_apk
2025-05-14 17:16:12,107 INFO utils.apk_tools: APK downloaded for com.whatsapp into /home/deepak_gill/apk_security_score/Downloaded_apk
2025-05-14 17:16:12,107 INFO utils.mobsf_tools: Uploading /home/deepak_gill/apk_security_score/Downloaded_apk/com.whatsapp.apk to MobSF
2025-05-14 17:16:15,909 ERROR utils.mobsf_tools: MobSF upload failed:   % Total    % Received % Xferd  Average Speed   Time    Time     Time  Current
                                 Dload  Upload   Total   Spent    Left  Speed

  0     0    0     0    0     0      0      0 --:--:-- --:--:-- --:--:--     0
 53 80.3M    0     0   53 42.6M      0   158M --:--:-- --:--:-- --:--:--  159M
100 80.3M    0     0  100 80.3M      0  47.6M  0:00:01  0:00:01 --:--:-- 47.6M
100 80.3M    0     0  100 80.3M      0  29.8M  0:00:02  0:00:02 --:--:-- 29.9M
100 80.3M    0     0  100 80.3M      0  21.7M  0:00:03  0:00:03 --:--:-- 21.7M
100 80.3M    0     0  100 80.3M      0  21.2M  0:00:03  0:00:03 --:--:-- 21.2M
curl: (18) transfer closed with outstanding read data remaining

2025-05-14 19:07:27,979 INFO utils.csv_handler: Copied and prepared CSV at /home/deepak_gill/apk_security_score/app_copy.csv
2025-05-14 19:07:27,979 INFO utils.apk_tools: Invoking gpkeep: /opt/app_security_score/gpkeep --package=com.ubercab --email=subselatestwale@gmail.com --aas-token=aas_et/AKppINZVNAp2aaChsOBqGgjRbTrhbDE9yrEOWM7LafGe-bd7m_qQRtY1zkaPNRZzhEvmpnrOLPm4oFvYHkstRy161GDtNYtNBYwNkUA9sOUqszg5aS5vhXpDTZImWhFpbwvm0HMd6v5mVV2RbI-9e_enY06RJiqOrkpXijHsZSfG64sKxheQX8hQgsmQarfVdpQ2zXI-Zl_f-NM0Xs4Jq4U --device=px_7a
2025-05-14 19:07:29,688 INFO utils.apk_tools: gpkeep succeeded for com.ubercab: version 4.577.10003 updated 2025-05-01
2025-05-14 19:07:29,688 INFO utils.apk_tools: Invoking gpkeep: /opt/app_security_score/gpkeep --package=com.whatsapp --email=subselatestwale@gmail.com --aas-token=aas_et/AKppINZVNAp2aaChsOBqGgjRbTrhbDE9yrEOWM7LafGe-bd7m_qQRtY1zkaPNRZzhEvmpnrOLPm4oFvYHkstRy161GDtNYtNBYwNkUA9sOUqszg5aS5vhXpDTZImWhFpbwvm0HMd6v5mVV2RbI-9e_enY06RJiqOrkpXijHsZSfG64sKxheQX8hQgsmQarfVdpQ2zXI-Zl_f-NM0Xs4Jq4U --device=px_7a
2025-05-14 19:07:31,338 INFO utils.apk_tools: gpkeep succeeded for com.whatsapp: version 2.25.14.76 updated 2025-05-05
2025-05-14 19:07:31,366 INFO utils.apk_tools: Removed old APK: /home/deepak_gill/apk_security_score/Downloaded_apk/com.whatsapp.apk
2025-05-14 19:07:31,367 INFO utils.apk_tools: Invoking apkeep: /opt/app_security_score/apkeep -a com.whatsapp -d google-play -e subselatestwale@gmail.com -t aas_et/AKppINZVNAp2aaChsOBqGgjRbTrhbDE9yrEOWM7LafGe-bd7m_qQRtY1zkaPNRZzhEvmpnrOLPm4oFvYHkstRy161GDtNYtNBYwNkUA9sOUqszg5aS5vhXpDTZImWhFpbwvm0HMd6v5mVV2RbI-9e_enY06RJiqOrkpXijHsZSfG64sKxheQX8hQgsmQarfVdpQ2zXI-Zl_f-NM0Xs4Jq4U /home/deepak_gill/apk_security_score/Downloaded_apk
2025-05-14 19:07:37,549 INFO utils.apk_tools: APK downloaded for com.whatsapp into /home/deepak_gill/apk_security_score/Downloaded_apk
2025-05-14 19:07:37,549 INFO utils.mobsf_tools: Uploading /home/deepak_gill/apk_security_score/Downloaded_apk/com.whatsapp.apk to MobSF
2025-05-14 19:07:47,304 ERROR utils.mobsf_tools: MobSF upload failed:   % Total    % Received % Xferd  Average Speed   Time    Time     Time  Current
                                 Dload  Upload   Total   Spent    Left  Speed

  0     0    0     0    0     0      0      0 --:--:-- --:--:-- --:--:--     0
100 80.3M    0     0  100 80.3M      0  62.2M  0:00:01  0:00:01 --:--:-- 62.2M
100 80.3M    0     0  100 80.3M      0  35.0M  0:00:02  0:00:02 --:--:-- 35.0M
100 80.3M    0     0  100 80.3M      0  24.3M  0:00:03  0:00:03 --:--:-- 24.3M
100 80.3M    0     0  100 80.3M      0  18.7M  0:00:04  0:00:04 --:--:-- 18.7M
100 80.3M    0     0  100 80.3M      0  15.1M  0:00:05  0:00:05 --:--:-- 15.1M
100 80.3M    0     0  100 80.3M      0  12.7M  0:00:06  0:00:06 --:--:--     0
100 80.3M    0     0  100 80.3M      0  11.0M  0:00:07  0:00:07 --:--:--     0
100 80.3M    0     0  100 80.3M      0  9912k  0:00:08  0:00:08 --:--:--     0
100 80.3M    0     0  100 80.3M      0  8845k  0:00:09  0:00:09 --:--:--     0
100 80.3M    0    55  100 80.3M      5  8445k  0:00:09  0:00:09 --:--:--    12
curl: (18) transfer closed with outstanding read data remaining

2025-05-14 19:11:33,713 INFO utils.csv_handler: Copied and prepared CSV at /home/deepak_gill/apk_security_score/app_copy.csv
2025-05-14 19:11:33,713 INFO utils.apk_tools: Invoking gpkeep: /opt/app_security_score/gpkeep --package=com.ubercab --email=subselatestwale@gmail.com --aas-token= aas_et/AKppINZVNAp2aaChsOBqGgjRbTrhbDE9yrEOWM7LafGe-bd7m_qQRtY1zkaPNRZzhEvmpnrOLPm4oFvYHkstRy161GDtNYtNBYwNkUA9sOUqszg5aS5vhXpDTZImWhFpbwvm0HMd6v5mVV2RbI-9e_enY06RJiqOrkpXijHsZSfG64sKxheQX8hQgsmQarfVdpQ2zXI-Zl_f-NM0Xs4Jq4U --device=px_7a
2025-05-14 19:11:35,365 ERROR utils.apk_tools: gpkeep failed (exit 1). stdout: '{
  "package_name": "com.ubercab",
  "status": {
    "type": "badCredentials",
    "log": {
      "message": "Bad credentials or authentication failed: Invalid payload."
    }
  }
}', stderr: ''
2025-05-14 19:11:35,365 INFO utils.apk_tools: Invoking gpkeep: /opt/app_security_score/gpkeep --package=com.whatsapp --email=subselatestwale@gmail.com --aas-token= aas_et/AKppINZVNAp2aaChsOBqGgjRbTrhbDE9yrEOWM7LafGe-bd7m_qQRtY1zkaPNRZzhEvmpnrOLPm4oFvYHkstRy161GDtNYtNBYwNkUA9sOUqszg5aS5vhXpDTZImWhFpbwvm0HMd6v5mVV2RbI-9e_enY06RJiqOrkpXijHsZSfG64sKxheQX8hQgsmQarfVdpQ2zXI-Zl_f-NM0Xs4Jq4U --device=px_7a
2025-05-14 19:11:36,992 ERROR utils.apk_tools: gpkeep failed (exit 1). stdout: '{
  "package_name": "com.whatsapp",
  "status": {
    "type": "badCredentials",
    "log": {
      "message": "Bad credentials or authentication failed: Invalid payload."
    }
  }
}', stderr: ''
2025-05-14 19:11:47,202 INFO utils.csv_handler: Copied and prepared CSV at /home/deepak_gill/apk_security_score/app_copy.csv
2025-05-14 19:11:47,202 INFO utils.apk_tools: Invoking gpkeep: /opt/app_security_score/gpkeep --package=com.ubercab --email=subselatestwale@gmail.com --aas-token= aas_et/AKppINZVNAp2aaChsOBqGgjRbTrhbDE9yrEOWM7LafGe-bd7m_qQRtY1zkaPNRZzhEvmpnrOLPm4oFvYHkstRy161GDtNYtNBYwNkUA9sOUqszg5aS5vhXpDTZImWhFpbwvm0HMd6v5mVV2RbI-9e_enY06RJiqOrkpXijHsZSfG64sKxheQX8hQgsmQarfVdpQ2zXI-Zl_f-NM0Xs4Jq4U --device=px_7a
2025-05-14 19:11:48,714 ERROR utils.apk_tools: gpkeep failed (exit 1). stdout: '{
  "package_name": "com.ubercab",
  "status": {
    "type": "badCredentials",
    "log": {
      "message": "Bad credentials or authentication failed: Invalid payload."
    }
  }
}', stderr: ''
2025-05-14 19:11:48,715 INFO utils.apk_tools: Invoking gpkeep: /opt/app_security_score/gpkeep --package=com.whatsapp --email=subselatestwale@gmail.com --aas-token= aas_et/AKppINZVNAp2aaChsOBqGgjRbTrhbDE9yrEOWM7LafGe-bd7m_qQRtY1zkaPNRZzhEvmpnrOLPm4oFvYHkstRy161GDtNYtNBYwNkUA9sOUqszg5aS5vhXpDTZImWhFpbwvm0HMd6v5mVV2RbI-9e_enY06RJiqOrkpXijHsZSfG64sKxheQX8hQgsmQarfVdpQ2zXI-Zl_f-NM0Xs4Jq4U --device=px_7a
2025-05-14 19:11:50,135 ERROR utils.apk_tools: gpkeep failed (exit 1). stdout: '{
  "package_name": "com.whatsapp",
  "status": {
    "type": "badCredentials",
    "log": {
      "message": "Bad credentials or authentication failed: Invalid payload."
    }
  }
}', stderr: ''
2025-05-14 19:12:09,642 INFO utils.csv_handler: Copied and prepared CSV at /home/deepak_gill/apk_security_score/app_copy.csv
2025-05-14 19:12:09,642 INFO utils.apk_tools: Invoking gpkeep: /opt/app_security_score/gpkeep --package=com.ubercab --email=subselatestwale@gmail.com --aas-token=aas_et/AKppINZVNAp2aaChsOBqGgjRbTrhbDE9yrEOWM7LafGe-bd7m_qQRtY1zkaPNRZzhEvmpnrOLPm4oFvYHkstRy161GDtNYtNBYwNkUA9sOUqszg5aS5vhXpDTZImWhFpbwvm0HMd6v5mVV2RbI-9e_enY06RJiqOrkpXijHsZSfG64sKxheQX8hQgsmQarfVdpQ2zXI-Zl_f-NM0Xs4Jq4U --device=px_7a
2025-05-14 19:12:11,240 INFO utils.apk_tools: gpkeep succeeded for com.ubercab: version 4.577.10003 updated 2025-05-01
2025-05-14 19:12:11,241 INFO utils.apk_tools: Invoking gpkeep: /opt/app_security_score/gpkeep --package=com.whatsapp --email=subselatestwale@gmail.com --aas-token=aas_et/AKppINZVNAp2aaChsOBqGgjRbTrhbDE9yrEOWM7LafGe-bd7m_qQRtY1zkaPNRZzhEvmpnrOLPm4oFvYHkstRy161GDtNYtNBYwNkUA9sOUqszg5aS5vhXpDTZImWhFpbwvm0HMd6v5mVV2RbI-9e_enY06RJiqOrkpXijHsZSfG64sKxheQX8hQgsmQarfVdpQ2zXI-Zl_f-NM0Xs4Jq4U --device=px_7a
2025-05-14 19:12:13,628 INFO utils.apk_tools: gpkeep succeeded for com.whatsapp: version 2.25.14.76 updated 2025-05-05
2025-05-14 19:12:13,653 INFO utils.apk_tools: Removed old APK: /home/deepak_gill/apk_security_score/Downloaded_apk/com.whatsapp.apk
2025-05-14 19:12:13,655 INFO utils.apk_tools: Invoking apkeep: /opt/app_security_score/apkeep -a com.whatsapp -d google-play -e subselatestwale@gmail.com -t aas_et/AKppINZVNAp2aaChsOBqGgjRbTrhbDE9yrEOWM7LafGe-bd7m_qQRtY1zkaPNRZzhEvmpnrOLPm4oFvYHkstRy161GDtNYtNBYwNkUA9sOUqszg5aS5vhXpDTZImWhFpbwvm0HMd6v5mVV2RbI-9e_enY06RJiqOrkpXijHsZSfG64sKxheQX8hQgsmQarfVdpQ2zXI-Zl_f-NM0Xs4Jq4U /home/deepak_gill/apk_security_score/Downloaded_apk
2025-05-14 19:12:19,130 INFO utils.apk_tools: APK downloaded for com.whatsapp into /home/deepak_gill/apk_security_score/Downloaded_apk
2025-05-14 19:12:19,130 INFO utils.mobsf_tools: [Attempt 1] Uploading /home/deepak_gill/apk_security_score/Downloaded_apk/com.whatsapp.apk to MobSF
2025-05-14 19:12:43,695 INFO utils.mobsf_tools: [Attempt 1] Initiating scan for hash 213ba711ed0238410c8e1f7b4d6dad46
2025-05-14 19:13:03,443 INFO utils.mobsf_tools: [Attempt 1] Fetching score for hash 213ba711ed0238410c8e1f7b4d6dad46
2025-05-14 19:13:03,459 ERROR utils.mobsf_tools: Scorecard fetch failed (attempt 1): 404 Client Error: Not Found for url: http://192.168.30.26/api/v1/scorecard
2025-05-14 19:13:13,470 INFO utils.mobsf_tools: [Attempt 2] Fetching score for hash 213ba711ed0238410c8e1f7b4d6dad46
2025-05-14 19:13:13,489 ERROR utils.mobsf_tools: Scorecard fetch failed (attempt 2): 404 Client Error: Not Found for url: http://192.168.30.26/api/v1/scorecard
2025-05-14 19:13:23,500 INFO utils.mobsf_tools: [Attempt 3] Fetching score for hash 213ba711ed0238410c8e1f7b4d6dad46
2025-05-14 19:13:23,521 ERROR utils.mobsf_tools: Scorecard fetch failed (attempt 3): 404 Client Error: Not Found for url: http://192.168.30.26/api/v1/scorecard
2025-05-14 19:13:33,523 INFO utils.mobsf_tools: [Attempt 4] Fetching score for hash 213ba711ed0238410c8e1f7b4d6dad46
2025-05-14 19:13:33,544 ERROR utils.mobsf_tools: Scorecard fetch failed (attempt 4): 404 Client Error: Not Found for url: http://192.168.30.26/api/v1/scorecard
2025-05-14 19:13:43,553 INFO utils.mobsf_tools: [Attempt 5] Fetching score for hash 213ba711ed0238410c8e1f7b4d6dad46
2025-05-14 19:13:43,571 ERROR utils.mobsf_tools: Scorecard fetch failed (attempt 5): 404 Client Error: Not Found for url: http://192.168.30.26/api/v1/scorecard
2025-05-14 19:13:53,576 INFO utils.mobsf_tools: [Attempt 6] Fetching score for hash 213ba711ed0238410c8e1f7b4d6dad46
2025-05-14 19:13:53,594 ERROR utils.mobsf_tools: Scorecard fetch failed (attempt 6): 404 Client Error: Not Found for url: http://192.168.30.26/api/v1/scorecard
2025-05-14 19:14:03,602 INFO utils.mobsf_tools: [Attempt 7] Fetching score for hash 213ba711ed0238410c8e1f7b4d6dad46
2025-05-14 19:14:03,619 ERROR utils.mobsf_tools: Scorecard fetch failed (attempt 7): 404 Client Error: Not Found for url: http://192.168.30.26/api/v1/scorecard
2025-05-14 19:14:13,629 INFO utils.mobsf_tools: [Attempt 8] Fetching score for hash 213ba711ed0238410c8e1f7b4d6dad46
2025-05-14 19:14:13,646 ERROR utils.mobsf_tools: Scorecard fetch failed (attempt 8): 404 Client Error: Not Found for url: http://192.168.30.26/api/v1/scorecard
2025-05-14 19:14:23,656 INFO utils.mobsf_tools: [Attempt 9] Fetching score for hash 213ba711ed0238410c8e1f7b4d6dad46
2025-05-14 19:14:23,676 ERROR utils.mobsf_tools: Scorecard fetch failed (attempt 9): 404 Client Error: Not Found for url: http://192.168.30.26/api/v1/scorecard
2025-05-14 19:14:33,686 INFO utils.mobsf_tools: [Attempt 10] Fetching score for hash 213ba711ed0238410c8e1f7b4d6dad46
2025-05-14 19:14:33,704 ERROR utils.mobsf_tools: Scorecard fetch failed (attempt 10): 404 Client Error: Not Found for url: http://192.168.30.26/api/v1/scorecard
2025-05-14 19:21:03,988 INFO utils.csv_handler: Copied and prepared CSV at /home/deepak_gill/apk_security_score/app_copy.csv
2025-05-14 19:21:03,988 INFO utils.apk_tools: Invoking gpkeep: /opt/app_security_score/gpkeep --package=com.ubercab --email=subselatestwale@gmail.com --aas-token=aas_et/AKppINZVNAp2aaChsOBqGgjRbTrhbDE9yrEOWM7LafGe-bd7m_qQRtY1zkaPNRZzhEvmpnrOLPm4oFvYHkstRy161GDtNYtNBYwNkUA9sOUqszg5aS5vhXpDTZImWhFpbwvm0HMd6v5mVV2RbI-9e_enY06RJiqOrkpXijHsZSfG64sKxheQX8hQgsmQarfVdpQ2zXI-Zl_f-NM0Xs4Jq4U --device=px_7a
2025-05-14 19:21:05,705 INFO utils.apk_tools: gpkeep succeeded for com.ubercab: version 4.578.10002 updated 2025-05-07
2025-05-14 19:21:05,707 INFO utils.apk_tools: Invoking apkeep: /opt/app_security_score/apkeep -a com.ubercab -d google-play -e subselatestwale@gmail.com -t aas_et/AKppINZVNAp2aaChsOBqGgjRbTrhbDE9yrEOWM7LafGe-bd7m_qQRtY1zkaPNRZzhEvmpnrOLPm4oFvYHkstRy161GDtNYtNBYwNkUA9sOUqszg5aS5vhXpDTZImWhFpbwvm0HMd6v5mVV2RbI-9e_enY06RJiqOrkpXijHsZSfG64sKxheQX8hQgsmQarfVdpQ2zXI-Zl_f-NM0Xs4Jq4U /home/deepak_gill/apk_security_score/Downloaded_apk
2025-05-14 19:21:11,888 INFO utils.apk_tools: APK downloaded for com.ubercab into /home/deepak_gill/apk_security_score/Downloaded_apk
2025-05-14 19:21:11,888 INFO utils.mobsf_tools: [Upload Attempt 1] /home/deepak_gill/apk_security_score/Downloaded_apk/com.ubercab.apk
2025-05-14 19:21:12,377 ERROR utils.mobsf_tools: MobSF upload failed (attempt 1): ("Connection broken: InvalidChunkLength(got length b'', 0 bytes read)", InvalidChunkLength(got length b'', 0 bytes read))
2025-05-14 19:21:17,394 INFO utils.mobsf_tools: [Upload Attempt 2] /home/deepak_gill/apk_security_score/Downloaded_apk/com.ubercab.apk
2025-05-14 19:21:17,860 ERROR utils.mobsf_tools: MobSF upload failed (attempt 2): ("Connection broken: InvalidChunkLength(got length b'', 0 bytes read)", InvalidChunkLength(got length b'', 0 bytes read))
2025-05-14 19:21:22,871 INFO utils.mobsf_tools: [Upload Attempt 3] /home/deepak_gill/apk_security_score/Downloaded_apk/com.ubercab.apk
2025-05-14 19:21:23,437 ERROR utils.mobsf_tools: MobSF upload failed (attempt 3): ("Connection broken: InvalidChunkLength(got length b'', 0 bytes read)", InvalidChunkLength(got length b'', 0 bytes read))
2025-05-14 19:21:28,457 INFO utils.apk_tools: Invoking gpkeep: /opt/app_security_score/gpkeep --package=com.whatsapp --email=subselatestwale@gmail.com --aas-token=aas_et/AKppINZVNAp2aaChsOBqGgjRbTrhbDE9yrEOWM7LafGe-bd7m_qQRtY1zkaPNRZzhEvmpnrOLPm4oFvYHkstRy161GDtNYtNBYwNkUA9sOUqszg5aS5vhXpDTZImWhFpbwvm0HMd6v5mVV2RbI-9e_enY06RJiqOrkpXijHsZSfG64sKxheQX8hQgsmQarfVdpQ2zXI-Zl_f-NM0Xs4Jq4U --device=px_7a
2025-05-14 19:21:30,196 INFO utils.apk_tools: gpkeep succeeded for com.whatsapp: version 2.25.14.76 updated 2025-05-05
2025-05-14 19:21:30,219 INFO utils.apk_tools: Removed old APK: /home/deepak_gill/apk_security_score/Downloaded_apk/com.whatsapp.apk
2025-05-14 19:21:30,225 INFO utils.apk_tools: Invoking apkeep: /opt/app_security_score/apkeep -a com.whatsapp -d google-play -e subselatestwale@gmail.com -t aas_et/AKppINZVNAp2aaChsOBqGgjRbTrhbDE9yrEOWM7LafGe-bd7m_qQRtY1zkaPNRZzhEvmpnrOLPm4oFvYHkstRy161GDtNYtNBYwNkUA9sOUqszg5aS5vhXpDTZImWhFpbwvm0HMd6v5mVV2RbI-9e_enY06RJiqOrkpXijHsZSfG64sKxheQX8hQgsmQarfVdpQ2zXI-Zl_f-NM0Xs4Jq4U /home/deepak_gill/apk_security_score/Downloaded_apk
2025-05-14 19:21:35,510 INFO utils.apk_tools: APK downloaded for com.whatsapp into /home/deepak_gill/apk_security_score/Downloaded_apk
2025-05-14 19:21:35,510 INFO utils.mobsf_tools: [Upload Attempt 1] /home/deepak_gill/apk_security_score/Downloaded_apk/com.whatsapp.apk
2025-05-14 19:21:35,862 ERROR utils.mobsf_tools: MobSF upload failed (attempt 1): ("Connection broken: InvalidChunkLength(got length b'', 0 bytes read)", InvalidChunkLength(got length b'', 0 bytes read))
2025-05-14 19:21:40,877 INFO utils.mobsf_tools: [Upload Attempt 2] /home/deepak_gill/apk_security_score/Downloaded_apk/com.whatsapp.apk
2025-05-14 19:21:41,232 ERROR utils.mobsf_tools: MobSF upload failed (attempt 2): ("Connection broken: InvalidChunkLength(got length b'', 0 bytes read)", InvalidChunkLength(got length b'', 0 bytes read))
2025-05-14 19:21:46,246 INFO utils.mobsf_tools: [Upload Attempt 3] /home/deepak_gill/apk_security_score/Downloaded_apk/com.whatsapp.apk
2025-05-14 19:21:46,633 ERROR utils.mobsf_tools: MobSF upload failed (attempt 3): ("Connection broken: InvalidChunkLength(got length b'', 0 bytes read)", InvalidChunkLength(got length b'', 0 bytes read))
2025-05-14 19:21:54,803 INFO utils.csv_handler: Copied and prepared CSV at /home/deepak_gill/apk_security_score/app_copy.csv
2025-05-14 19:21:54,803 INFO utils.apk_tools: Invoking gpkeep: /opt/app_security_score/gpkeep --package=com.ubercab --email=subselatestwale@gmail.com --aas-token=aas_et/AKppINZVNAp2aaChsOBqGgjRbTrhbDE9yrEOWM7LafGe-bd7m_qQRtY1zkaPNRZzhEvmpnrOLPm4oFvYHkstRy161GDtNYtNBYwNkUA9sOUqszg5aS5vhXpDTZImWhFpbwvm0HMd6v5mVV2RbI-9e_enY06RJiqOrkpXijHsZSfG64sKxheQX8hQgsmQarfVdpQ2zXI-Zl_f-NM0Xs4Jq4U --device=px_7a
2025-05-14 19:21:56,400 INFO utils.apk_tools: gpkeep succeeded for com.ubercab: version 4.578.10002 updated 2025-05-07
2025-05-14 19:21:56,426 INFO utils.apk_tools: Removed old APK: /home/deepak_gill/apk_security_score/Downloaded_apk/com.ubercab.apk
2025-05-14 19:21:56,427 INFO utils.apk_tools: Invoking apkeep: /opt/app_security_score/apkeep -a com.ubercab -d google-play -e subselatestwale@gmail.com -t aas_et/AKppINZVNAp2aaChsOBqGgjRbTrhbDE9yrEOWM7LafGe-bd7m_qQRtY1zkaPNRZzhEvmpnrOLPm4oFvYHkstRy161GDtNYtNBYwNkUA9sOUqszg5aS5vhXpDTZImWhFpbwvm0HMd6v5mVV2RbI-9e_enY06RJiqOrkpXijHsZSfG64sKxheQX8hQgsmQarfVdpQ2zXI-Zl_f-NM0Xs4Jq4U /home/deepak_gill/apk_security_score/Downloaded_apk
2025-05-14 19:22:01,313 INFO utils.apk_tools: APK downloaded for com.ubercab into /home/deepak_gill/apk_security_score/Downloaded_apk
2025-05-14 19:22:01,314 INFO utils.mobsf_tools: [Upload Attempt 1] /home/deepak_gill/apk_security_score/Downloaded_apk/com.ubercab.apk
2025-05-14 19:22:03,339 INFO utils.mobsf_tools: [Scan Attempt 1] hash=0c20dc9e08710550ab9115b46002c7fa
2025-05-14 19:22:03,970 INFO utils.mobsf_tools: [Scorecard Attempt 1] hash=0c20dc9e08710550ab9115b46002c7fa
2025-05-14 19:22:03,998 WARNING utils.mobsf_tools: Scorecard endpoint not found (404); will try report_json later.
2025-05-14 19:22:03,998 INFO utils.mobsf_tools: [Report JSON Attempt 1] hash=0c20dc9e08710550ab9115b46002c7fa
2025-05-14 19:22:04,011 ERROR utils.mobsf_tools: Report JSON fetch failed (attempt 1): 404 Client Error: Not Found for url: http://192.168.30.6:803/api/v1/report_json
2025-05-14 19:22:09,017 INFO utils.mobsf_tools: [Report JSON Attempt 2] hash=0c20dc9e08710550ab9115b46002c7fa
2025-05-14 19:22:09,030 ERROR utils.mobsf_tools: Report JSON fetch failed (attempt 2): 404 Client Error: Not Found for url: http://192.168.30.6:803/api/v1/report_json
2025-05-14 19:22:14,036 INFO utils.mobsf_tools: [Report JSON Attempt 3] hash=0c20dc9e08710550ab9115b46002c7fa
2025-05-14 19:22:14,551 ERROR utils.mobsf_tools: Report JSON fetch failed (attempt 3): 404 Client Error: Not Found for url: http://192.168.30.6:803/api/v1/report_json
2025-05-14 19:22:19,557 INFO utils.apk_tools: Invoking gpkeep: /opt/app_security_score/gpkeep --package=com.whatsapp --email=subselatestwale@gmail.com --aas-token=aas_et/AKppINZVNAp2aaChsOBqGgjRbTrhbDE9yrEOWM7LafGe-bd7m_qQRtY1zkaPNRZzhEvmpnrOLPm4oFvYHkstRy161GDtNYtNBYwNkUA9sOUqszg5aS5vhXpDTZImWhFpbwvm0HMd6v5mVV2RbI-9e_enY06RJiqOrkpXijHsZSfG64sKxheQX8hQgsmQarfVdpQ2zXI-Zl_f-NM0Xs4Jq4U --device=px_7a
2025-05-14 19:22:21,457 INFO utils.apk_tools: gpkeep succeeded for com.whatsapp: version 2.25.14.76 updated 2025-05-05
2025-05-14 19:22:21,479 INFO utils.apk_tools: Removed old APK: /home/deepak_gill/apk_security_score/Downloaded_apk/com.whatsapp.apk
2025-05-14 19:22:21,480 INFO utils.apk_tools: Invoking apkeep: /opt/app_security_score/apkeep -a com.whatsapp -d google-play -e subselatestwale@gmail.com -t aas_et/AKppINZVNAp2aaChsOBqGgjRbTrhbDE9yrEOWM7LafGe-bd7m_qQRtY1zkaPNRZzhEvmpnrOLPm4oFvYHkstRy161GDtNYtNBYwNkUA9sOUqszg5aS5vhXpDTZImWhFpbwvm0HMd6v5mVV2RbI-9e_enY06RJiqOrkpXijHsZSfG64sKxheQX8hQgsmQarfVdpQ2zXI-Zl_f-NM0Xs4Jq4U /home/deepak_gill/apk_security_score/Downloaded_apk
2025-05-14 19:22:25,553 INFO utils.apk_tools: APK downloaded for com.whatsapp into /home/deepak_gill/apk_security_score/Downloaded_apk
2025-05-14 19:22:25,553 INFO utils.mobsf_tools: [Upload Attempt 1] /home/deepak_gill/apk_security_score/Downloaded_apk/com.whatsapp.apk
2025-05-14 19:22:38,866 INFO utils.mobsf_tools: [Scan Attempt 1] hash=213ba711ed0238410c8e1f7b4d6dad46
2025-05-14 19:23:02,986 INFO utils.mobsf_tools: [Scorecard Attempt 1] hash=213ba711ed0238410c8e1f7b4d6dad46
2025-05-14 19:23:03,222 WARNING utils.mobsf_tools: Scorecard endpoint not found (404); will try report_json later.
2025-05-14 19:23:03,222 INFO utils.mobsf_tools: [Report JSON Attempt 1] hash=213ba711ed0238410c8e1f7b4d6dad46
2025-05-14 19:23:03,238 ERROR utils.mobsf_tools: Report JSON fetch failed (attempt 1): 404 Client Error: Not Found for url: http://192.168.30.6:803/api/v1/report_json
2025-05-14 19:23:08,243 INFO utils.mobsf_tools: [Report JSON Attempt 2] hash=213ba711ed0238410c8e1f7b4d6dad46
2025-05-14 19:23:08,259 ERROR utils.mobsf_tools: Report JSON fetch failed (attempt 2): 404 Client Error: Not Found for url: http://192.168.30.6:803/api/v1/report_json
2025-05-14 19:23:13,264 INFO utils.mobsf_tools: [Report JSON Attempt 3] hash=213ba711ed0238410c8e1f7b4d6dad46
2025-05-14 19:23:13,282 ERROR utils.mobsf_tools: Report JSON fetch failed (attempt 3): 404 Client Error: Not Found for url: http://192.168.30.6:803/api/v1/report_json
2025-05-14 19:25:05,726 INFO utils.csv_handler: Copied and prepared CSV at /home/deepak_gill/apk_security_score/app_copy.csv
2025-05-14 19:25:05,726 INFO utils.apk_tools: Invoking gpkeep: /opt/app_security_score/gpkeep --package=com.ubercab --email=subselatestwale@gmail.com --aas-token=aas_et/AKppINZVNAp2aaChsOBqGgjRbTrhbDE9yrEOWM7LafGe-bd7m_qQRtY1zkaPNRZzhEvmpnrOLPm4oFvYHkstRy161GDtNYtNBYwNkUA9sOUqszg5aS5vhXpDTZImWhFpbwvm0HMd6v5mVV2RbI-9e_enY06RJiqOrkpXijHsZSfG64sKxheQX8hQgsmQarfVdpQ2zXI-Zl_f-NM0Xs4Jq4U --device=px_7a
2025-05-14 19:25:07,442 INFO utils.apk_tools: gpkeep succeeded for com.ubercab: version 4.578.10002 updated 2025-05-07
2025-05-14 19:25:07,471 INFO utils.apk_tools: Removed old APK: /home/deepak_gill/apk_security_score/Downloaded_apk/com.ubercab.apk
2025-05-14 19:25:07,473 INFO utils.apk_tools: Invoking apkeep: /opt/app_security_score/apkeep -a com.ubercab -d google-play -e subselatestwale@gmail.com -t aas_et/AKppINZVNAp2aaChsOBqGgjRbTrhbDE9yrEOWM7LafGe-bd7m_qQRtY1zkaPNRZzhEvmpnrOLPm4oFvYHkstRy161GDtNYtNBYwNkUA9sOUqszg5aS5vhXpDTZImWhFpbwvm0HMd6v5mVV2RbI-9e_enY06RJiqOrkpXijHsZSfG64sKxheQX8hQgsmQarfVdpQ2zXI-Zl_f-NM0Xs4Jq4U /home/deepak_gill/apk_security_score/Downloaded_apk
2025-05-14 19:25:14,505 INFO utils.apk_tools: APK downloaded for com.ubercab into /home/deepak_gill/apk_security_score/Downloaded_apk
2025-05-14 19:25:14,505 INFO utils.mobsf_tools: [Upload Attempt 1] /home/deepak_gill/apk_security_score/Downloaded_apk/com.ubercab.apk
2025-05-14 19:25:15,017 ERROR utils.mobsf_tools: MobSF upload failed (attempt 1): ("Connection broken: InvalidChunkLength(got length b'', 0 bytes read)", InvalidChunkLength(got length b'', 0 bytes read))
2025-05-14 19:25:20,031 INFO utils.mobsf_tools: [Upload Attempt 2] /home/deepak_gill/apk_security_score/Downloaded_apk/com.ubercab.apk
2025-05-14 19:25:20,750 ERROR utils.mobsf_tools: MobSF upload failed (attempt 2): ("Connection broken: InvalidChunkLength(got length b'', 0 bytes read)", InvalidChunkLength(got length b'', 0 bytes read))
2025-05-14 19:25:25,763 INFO utils.mobsf_tools: [Upload Attempt 3] /home/deepak_gill/apk_security_score/Downloaded_apk/com.ubercab.apk
2025-05-14 19:25:33,070 ERROR utils.mobsf_tools: MobSF upload failed (attempt 3): ("Connection broken: InvalidChunkLength(got length b'', 0 bytes read)", InvalidChunkLength(got length b'', 0 bytes read))
2025-05-14 19:25:38,085 INFO utils.apk_tools: Invoking gpkeep: /opt/app_security_score/gpkeep --package=com.whatsapp --email=subselatestwale@gmail.com --aas-token=aas_et/AKppINZVNAp2aaChsOBqGgjRbTrhbDE9yrEOWM7LafGe-bd7m_qQRtY1zkaPNRZzhEvmpnrOLPm4oFvYHkstRy161GDtNYtNBYwNkUA9sOUqszg5aS5vhXpDTZImWhFpbwvm0HMd6v5mVV2RbI-9e_enY06RJiqOrkpXijHsZSfG64sKxheQX8hQgsmQarfVdpQ2zXI-Zl_f-NM0Xs4Jq4U --device=px_7a
2025-05-14 19:25:39,869 INFO utils.apk_tools: gpkeep succeeded for com.whatsapp: version 2.25.14.76 updated 2025-05-05
2025-05-14 19:25:39,897 INFO utils.apk_tools: Removed old APK: /home/deepak_gill/apk_security_score/Downloaded_apk/com.whatsapp.apk
2025-05-14 19:25:39,902 INFO utils.apk_tools: Invoking apkeep: /opt/app_security_score/apkeep -a com.whatsapp -d google-play -e subselatestwale@gmail.com -t aas_et/AKppINZVNAp2aaChsOBqGgjRbTrhbDE9yrEOWM7LafGe-bd7m_qQRtY1zkaPNRZzhEvmpnrOLPm4oFvYHkstRy161GDtNYtNBYwNkUA9sOUqszg5aS5vhXpDTZImWhFpbwvm0HMd6v5mVV2RbI-9e_enY06RJiqOrkpXijHsZSfG64sKxheQX8hQgsmQarfVdpQ2zXI-Zl_f-NM0Xs4Jq4U /home/deepak_gill/apk_security_score/Downloaded_apk
2025-05-14 19:25:45,073 INFO utils.apk_tools: APK downloaded for com.whatsapp into /home/deepak_gill/apk_security_score/Downloaded_apk
2025-05-14 19:25:45,073 INFO utils.mobsf_tools: [Upload Attempt 1] /home/deepak_gill/apk_security_score/Downloaded_apk/com.whatsapp.apk
2025-05-14 19:25:45,502 ERROR utils.mobsf_tools: MobSF upload failed (attempt 1): ("Connection broken: InvalidChunkLength(got length b'', 0 bytes read)", InvalidChunkLength(got length b'', 0 bytes read))
2025-05-14 19:25:50,515 INFO utils.mobsf_tools: [Upload Attempt 2] /home/deepak_gill/apk_security_score/Downloaded_apk/com.whatsapp.apk
2025-05-14 19:25:50,947 ERROR utils.mobsf_tools: MobSF upload failed (attempt 2): ("Connection broken: InvalidChunkLength(got length b'', 0 bytes read)", InvalidChunkLength(got length b'', 0 bytes read))
2025-05-14 19:25:55,959 INFO utils.mobsf_tools: [Upload Attempt 3] /home/deepak_gill/apk_security_score/Downloaded_apk/com.whatsapp.apk
2025-05-14 19:25:56,395 ERROR utils.mobsf_tools: MobSF upload failed (attempt 3): ("Connection broken: InvalidChunkLength(got length b'', 0 bytes read)", InvalidChunkLength(got length b'', 0 bytes read))
2025-05-14 19:26:19,323 INFO utils.csv_handler: Copied and prepared CSV at /home/deepak_gill/apk_security_score/app_copy.csv
2025-05-14 19:26:19,324 INFO utils.apk_tools: Invoking gpkeep: /opt/app_security_score/gpkeep --package=com.ubercab --email=subselatestwale@gmail.com --aas-token=aas_et/AKppINZVNAp2aaChsOBqGgjRbTrhbDE9yrEOWM7LafGe-bd7m_qQRtY1zkaPNRZzhEvmpnrOLPm4oFvYHkstRy161GDtNYtNBYwNkUA9sOUqszg5aS5vhXpDTZImWhFpbwvm0HMd6v5mVV2RbI-9e_enY06RJiqOrkpXijHsZSfG64sKxheQX8hQgsmQarfVdpQ2zXI-Zl_f-NM0Xs4Jq4U --device=px_7a
2025-05-14 19:26:20,929 INFO utils.apk_tools: gpkeep succeeded for com.ubercab: version 4.578.10002 updated 2025-05-07
2025-05-14 19:26:21,022 INFO utils.apk_tools: Removed old APK: /home/deepak_gill/apk_security_score/Downloaded_apk/com.ubercab.apk
2025-05-14 19:26:21,023 INFO utils.apk_tools: Invoking apkeep: /opt/app_security_score/apkeep -a com.ubercab -d google-play -e subselatestwale@gmail.com -t aas_et/AKppINZVNAp2aaChsOBqGgjRbTrhbDE9yrEOWM7LafGe-bd7m_qQRtY1zkaPNRZzhEvmpnrOLPm4oFvYHkstRy161GDtNYtNBYwNkUA9sOUqszg5aS5vhXpDTZImWhFpbwvm0HMd6v5mVV2RbI-9e_enY06RJiqOrkpXijHsZSfG64sKxheQX8hQgsmQarfVdpQ2zXI-Zl_f-NM0Xs4Jq4U /home/deepak_gill/apk_security_score/Downloaded_apk
2025-05-14 19:26:26,109 INFO utils.apk_tools: APK downloaded for com.ubercab into /home/deepak_gill/apk_security_score/Downloaded_apk
2025-05-14 19:26:26,110 INFO utils.mobsf_tools: [Upload Attempt 1] /home/deepak_gill/apk_security_score/Downloaded_apk/com.ubercab.apk
2025-05-14 19:26:26,934 ERROR utils.mobsf_tools: MobSF upload failed (attempt 1): ("Connection broken: InvalidChunkLength(got length b'', 0 bytes read)", InvalidChunkLength(got length b'', 0 bytes read))
2025-05-14 19:26:31,943 INFO utils.mobsf_tools: [Upload Attempt 2] /home/deepak_gill/apk_security_score/Downloaded_apk/com.ubercab.apk
2025-05-14 19:26:32,648 ERROR utils.mobsf_tools: MobSF upload failed (attempt 2): ("Connection broken: InvalidChunkLength(got length b'', 0 bytes read)", InvalidChunkLength(got length b'', 0 bytes read))
2025-05-14 19:26:37,661 INFO utils.mobsf_tools: [Upload Attempt 3] /home/deepak_gill/apk_security_score/Downloaded_apk/com.ubercab.apk
2025-05-14 19:26:38,119 ERROR utils.mobsf_tools: MobSF upload failed (attempt 3): ("Connection broken: InvalidChunkLength(got length b'', 0 bytes read)", InvalidChunkLength(got length b'', 0 bytes read))
2025-05-14 19:26:43,136 INFO utils.apk_tools: Invoking gpkeep: /opt/app_security_score/gpkeep --package=com.whatsapp --email=subselatestwale@gmail.com --aas-token=aas_et/AKppINZVNAp2aaChsOBqGgjRbTrhbDE9yrEOWM7LafGe-bd7m_qQRtY1zkaPNRZzhEvmpnrOLPm4oFvYHkstRy161GDtNYtNBYwNkUA9sOUqszg5aS5vhXpDTZImWhFpbwvm0HMd6v5mVV2RbI-9e_enY06RJiqOrkpXijHsZSfG64sKxheQX8hQgsmQarfVdpQ2zXI-Zl_f-NM0Xs4Jq4U --device=px_7a
2025-05-14 19:26:44,611 INFO utils.apk_tools: gpkeep succeeded for com.whatsapp: version 2.25.14.76 updated 2025-05-05
2025-05-14 19:26:44,636 INFO utils.apk_tools: Removed old APK: /home/deepak_gill/apk_security_score/Downloaded_apk/com.whatsapp.apk
2025-05-14 19:26:44,639 INFO utils.apk_tools: Invoking apkeep: /opt/app_security_score/apkeep -a com.whatsapp -d google-play -e subselatestwale@gmail.com -t aas_et/AKppINZVNAp2aaChsOBqGgjRbTrhbDE9yrEOWM7LafGe-bd7m_qQRtY1zkaPNRZzhEvmpnrOLPm4oFvYHkstRy161GDtNYtNBYwNkUA9sOUqszg5aS5vhXpDTZImWhFpbwvm0HMd6v5mVV2RbI-9e_enY06RJiqOrkpXijHsZSfG64sKxheQX8hQgsmQarfVdpQ2zXI-Zl_f-NM0Xs4Jq4U /home/deepak_gill/apk_security_score/Downloaded_apk
2025-05-14 19:26:50,034 INFO utils.apk_tools: APK downloaded for com.whatsapp into /home/deepak_gill/apk_security_score/Downloaded_apk
2025-05-14 19:26:50,035 INFO utils.mobsf_tools: [Upload Attempt 1] /home/deepak_gill/apk_security_score/Downloaded_apk/com.whatsapp.apk
2025-05-14 19:26:50,574 ERROR utils.mobsf_tools: MobSF upload failed (attempt 1): ("Connection broken: InvalidChunkLength(got length b'', 0 bytes read)", InvalidChunkLength(got length b'', 0 bytes read))
2025-05-14 19:26:55,586 INFO utils.mobsf_tools: [Upload Attempt 2] /home/deepak_gill/apk_security_score/Downloaded_apk/com.whatsapp.apk
2025-05-14 19:26:56,132 ERROR utils.mobsf_tools: MobSF upload failed (attempt 2): ("Connection broken: InvalidChunkLength(got length b'', 0 bytes read)", InvalidChunkLength(got length b'', 0 bytes read))
2025-05-14 19:27:01,144 INFO utils.mobsf_tools: [Upload Attempt 3] /home/deepak_gill/apk_security_score/Downloaded_apk/com.whatsapp.apk
2025-05-14 19:27:01,652 ERROR utils.mobsf_tools: MobSF upload failed (attempt 3): ("Connection broken: InvalidChunkLength(got length b'', 0 bytes read)", InvalidChunkLength(got length b'', 0 bytes read))
2025-05-14 19:29:38,004 INFO utils.csv_handler: Copied and prepared CSV at /home/deepak_gill/apk_security_score/app_copy.csv
2025-05-14 19:29:38,005 INFO utils.apk_tools: Invoking gpkeep: /opt/app_security_score/gpkeep --package=com.ubercab --email=subselatestwale@gmail.com --aas-token=aas_et/AKppINZVNAp2aaChsOBqGgjRbTrhbDE9yrEOWM7LafGe-bd7m_qQRtY1zkaPNRZzhEvmpnrOLPm4oFvYHkstRy161GDtNYtNBYwNkUA9sOUqszg5aS5vhXpDTZImWhFpbwvm0HMd6v5mVV2RbI-9e_enY06RJiqOrkpXijHsZSfG64sKxheQX8hQgsmQarfVdpQ2zXI-Zl_f-NM0Xs4Jq4U --device=px_7a
2025-05-14 19:29:39,678 INFO utils.apk_tools: gpkeep succeeded for com.ubercab: version 4.578.10002 updated 2025-05-07
2025-05-14 19:29:39,709 INFO utils.apk_tools: Removed old APK: /home/deepak_gill/apk_security_score/Downloaded_apk/com.ubercab.apk
2025-05-14 19:29:39,711 INFO utils.apk_tools: Invoking apkeep: /opt/app_security_score/apkeep -a com.ubercab -d google-play -e subselatestwale@gmail.com -t aas_et/AKppINZVNAp2aaChsOBqGgjRbTrhbDE9yrEOWM7LafGe-bd7m_qQRtY1zkaPNRZzhEvmpnrOLPm4oFvYHkstRy161GDtNYtNBYwNkUA9sOUqszg5aS5vhXpDTZImWhFpbwvm0HMd6v5mVV2RbI-9e_enY06RJiqOrkpXijHsZSfG64sKxheQX8hQgsmQarfVdpQ2zXI-Zl_f-NM0Xs4Jq4U /home/deepak_gill/apk_security_score/Downloaded_apk
2025-05-14 19:29:45,878 INFO utils.apk_tools: APK downloaded for com.ubercab into /home/deepak_gill/apk_security_score/Downloaded_apk
2025-05-14 19:29:45,879 INFO utils.mobsf_tools: [Upload Attempt 1] /home/deepak_gill/apk_security_score/Downloaded_apk/com.ubercab.apk
2025-05-14 19:29:46,188 ERROR utils.mobsf_tools: MobSF upload failed (attempt 1): 
2025-05-14 19:29:51,193 INFO utils.mobsf_tools: [Upload Attempt 2] /home/deepak_gill/apk_security_score/Downloaded_apk/com.ubercab.apk
2025-05-14 19:29:52,838 ERROR utils.mobsf_tools: MobSF upload failed (attempt 2): 
2025-05-14 19:29:57,843 INFO utils.mobsf_tools: [Upload Attempt 3] /home/deepak_gill/apk_security_score/Downloaded_apk/com.ubercab.apk
2025-05-14 19:29:58,179 ERROR utils.mobsf_tools: MobSF upload failed (attempt 3): 
2025-05-14 19:30:03,185 INFO utils.apk_tools: Invoking gpkeep: /opt/app_security_score/gpkeep --package=com.whatsapp --email=subselatestwale@gmail.com --aas-token=aas_et/AKppINZVNAp2aaChsOBqGgjRbTrhbDE9yrEOWM7LafGe-bd7m_qQRtY1zkaPNRZzhEvmpnrOLPm4oFvYHkstRy161GDtNYtNBYwNkUA9sOUqszg5aS5vhXpDTZImWhFpbwvm0HMd6v5mVV2RbI-9e_enY06RJiqOrkpXijHsZSfG64sKxheQX8hQgsmQarfVdpQ2zXI-Zl_f-NM0Xs4Jq4U --device=px_7a
2025-05-14 19:30:05,102 INFO utils.apk_tools: gpkeep succeeded for com.whatsapp: version 2.25.14.76 updated 2025-05-05
2025-05-14 19:30:05,132 INFO utils.apk_tools: Removed old APK: /home/deepak_gill/apk_security_score/Downloaded_apk/com.whatsapp.apk
2025-05-14 19:30:05,133 INFO utils.apk_tools: Invoking apkeep: /opt/app_security_score/apkeep -a com.whatsapp -d google-play -e subselatestwale@gmail.com -t aas_et/AKppINZVNAp2aaChsOBqGgjRbTrhbDE9yrEOWM7LafGe-bd7m_qQRtY1zkaPNRZzhEvmpnrOLPm4oFvYHkstRy161GDtNYtNBYwNkUA9sOUqszg5aS5vhXpDTZImWhFpbwvm0HMd6v5mVV2RbI-9e_enY06RJiqOrkpXijHsZSfG64sKxheQX8hQgsmQarfVdpQ2zXI-Zl_f-NM0Xs4Jq4U /home/deepak_gill/apk_security_score/Downloaded_apk
2025-05-14 19:30:11,637 INFO utils.apk_tools: APK downloaded for com.whatsapp into /home/deepak_gill/apk_security_score/Downloaded_apk
2025-05-14 19:30:11,637 INFO utils.mobsf_tools: [Upload Attempt 1] /home/deepak_gill/apk_security_score/Downloaded_apk/com.whatsapp.apk
2025-05-14 19:30:11,951 ERROR utils.mobsf_tools: MobSF upload failed (attempt 1): 
2025-05-14 19:30:16,953 INFO utils.mobsf_tools: [Upload Attempt 2] /home/deepak_gill/apk_security_score/Downloaded_apk/com.whatsapp.apk
2025-05-14 19:30:17,212 ERROR utils.mobsf_tools: MobSF upload failed (attempt 2): 
2025-05-14 19:30:22,217 INFO utils.mobsf_tools: [Upload Attempt 3] /home/deepak_gill/apk_security_score/Downloaded_apk/com.whatsapp.apk
2025-05-14 19:30:22,393 ERROR utils.mobsf_tools: MobSF upload failed (attempt 3): 
